Build started 20/01/2015 15:05:57.
     1>Project "C:\Users\r026405b\Downloads\FGGSD Assignment Final 1.0\FGGSD Assignment Final 1.0\PACMAN\PACMAN\Pacman\Pacman.vcxproj" on node 2 (Build target(s)).
     1>ClCompile:
         C:\Program Files (x86)\Microsoft Visual Studio 12.0\VC\bin\CL.exe /c /ZI /nologo /W3 /WX- /sdl /Od /Oy- /D WIN32 /D _DEBUG /D _CONSOLE /D _UNICODE /D UNICODE /Gm /EHsc /RTC1 /MDd /GS /fp:precise /Zc:wchar_t /Zc:forScope /Fo"Debug\\" /Fd"Debug\vc120.pdb" /Gd /TP /analyze- /errorReport:prompt main.cpp Pacman.cpp
         Pacman.cpp
     1>c:\users\r026405b\downloads\fggsd assignment final 1.0\fggsd assignment final 1.0\pacman\pacman\pacman\pacman.cpp(9): warning C4244: 'argument' : conversion from 'time_t' to 'unsigned int', possible loss of data
     1>c:\users\r026405b\downloads\fggsd assignment final 1.0\fggsd assignment final 1.0\pacman\pacman\pacman\pacman.cpp(121): warning C4244: 'argument' : conversion from 'int' to 'float', possible loss of data
     1>c:\users\r026405b\downloads\fggsd assignment final 1.0\fggsd assignment final 1.0\pacman\pacman\pacman\pacman.cpp(134): warning C4244: 'argument' : conversion from 'int' to 'float', possible loss of data
     1>c:\users\r026405b\downloads\fggsd assignment final 1.0\fggsd assignment final 1.0\pacman\pacman\pacman\pacman.cpp(163): warning C4244: 'argument' : conversion from 'int' to 'float', possible loss of data
     1>c:\users\r026405b\downloads\fggsd assignment final 1.0\fggsd assignment final 1.0\pacman\pacman\pacman\pacman.cpp(164): warning C4244: 'argument' : conversion from 'int' to 'float', possible loss of data
     1>c:\users\r026405b\downloads\fggsd assignment final 1.0\fggsd assignment final 1.0\pacman\pacman\pacman\pacman.cpp(165): warning C4244: 'argument' : conversion from 'int' to 'float', possible loss of data
     1>c:\users\r026405b\downloads\fggsd assignment final 1.0\fggsd assignment final 1.0\pacman\pacman\pacman\pacman.cpp(166): warning C4244: 'argument' : conversion from 'int' to 'float', possible loss of data
     1>c:\users\r026405b\downloads\fggsd assignment final 1.0\fggsd assignment final 1.0\pacman\pacman\pacman\pacman.cpp(178): warning C4244: 'argument' : conversion from 'int' to 'float', possible loss of data
     1>c:\users\r026405b\downloads\fggsd assignment final 1.0\fggsd assignment final 1.0\pacman\pacman\pacman\pacman.cpp(189): warning C4244: 'argument' : conversion from 'int' to 'float', possible loss of data
     1>c:\users\r026405b\downloads\fggsd assignment final 1.0\fggsd assignment final 1.0\pacman\pacman\pacman\pacman.cpp(192): warning C4244: 'argument' : conversion from 'int' to 'float', possible loss of data
     1>c:\users\r026405b\downloads\fggsd assignment final 1.0\fggsd assignment final 1.0\pacman\pacman\pacman\pacman.cpp(204): warning C4244: 'argument' : conversion from 'int' to 'float', possible loss of data
     1>c:\users\r026405b\downloads\fggsd assignment final 1.0\fggsd assignment final 1.0\pacman\pacman\pacman\pacman.cpp(499): warning C4244: '=' : conversion from 'int' to 'float', possible loss of data
     1>c:\users\r026405b\downloads\fggsd assignment final 1.0\fggsd assignment final 1.0\pacman\pacman\pacman\pacman.cpp(500): warning C4244: '=' : conversion from 'int' to 'float', possible loss of data
     1>c:\users\r026405b\downloads\fggsd assignment final 1.0\fggsd assignment final 1.0\pacman\pacman\pacman\pacman.cpp(564): warning C4244: '=' : conversion from 'int' to 'float', possible loss of data
     1>c:\users\r026405b\downloads\fggsd assignment final 1.0\fggsd assignment final 1.0\pacman\pacman\pacman\pacman.cpp(569): warning C4244: '=' : conversion from 'int' to 'float', possible loss of data
     1>c:\users\r026405b\downloads\fggsd assignment final 1.0\fggsd assignment final 1.0\pacman\pacman\pacman\pacman.cpp(591): warning C4244: '=' : conversion from 'int' to 'float', possible loss of data
     1>c:\users\r026405b\downloads\fggsd assignment final 1.0\fggsd assignment final 1.0\pacman\pacman\pacman\pacman.cpp(592): warning C4244: '=' : conversion from 'int' to 'float', possible loss of data
     1>c:\users\r026405b\downloads\fggsd assignment final 1.0\fggsd assignment final 1.0\pacman\pacman\pacman\pacman.cpp(612): warning C4244: '=' : conversion from 'int' to 'float', possible loss of data
     1>c:\users\r026405b\downloads\fggsd assignment final 1.0\fggsd assignment final 1.0\pacman\pacman\pacman\pacman.cpp(716): warning C4244: '=' : conversion from 'int' to 'float', possible loss of data
     1>c:\users\r026405b\downloads\fggsd assignment final 1.0\fggsd assignment final 1.0\pacman\pacman\pacman\pacman.cpp(721): warning C4244: '=' : conversion from 'int' to 'float', possible loss of data
     1>c:\users\r026405b\downloads\fggsd assignment final 1.0\fggsd assignment final 1.0\pacman\pacman\pacman\pacman.cpp(747): warning C4244: '=' : conversion from 'int' to 'float', possible loss of data
     1>c:\users\r026405b\downloads\fggsd assignment final 1.0\fggsd assignment final 1.0\pacman\pacman\pacman\pacman.cpp(748): warning C4244: '=' : conversion from 'int' to 'float', possible loss of data
     1>c:\users\r026405b\downloads\fggsd assignment final 1.0\fggsd assignment final 1.0\pacman\pacman\pacman\pacman.cpp(790): warning C4244: 'argument' : conversion from 'int' to 'float', possible loss of data
     1>c:\users\r026405b\downloads\fggsd assignment final 1.0\fggsd assignment final 1.0\pacman\pacman\pacman\pacman.cpp(815): warning C4244: '=' : conversion from 'int' to 'float', possible loss of data
     1>c:\users\r026405b\downloads\fggsd assignment final 1.0\fggsd assignment final 1.0\pacman\pacman\pacman\pacman.cpp(828): warning C4244: 'argument' : conversion from 'int' to 'float', possible loss of data
     1>c:\users\r026405b\downloads\fggsd assignment final 1.0\fggsd assignment final 1.0\pacman\pacman\pacman\pacman.cpp(930): warning C4244: 'argument' : conversion from 'int' to 'float', possible loss of data
     1>c:\users\r026405b\downloads\fggsd assignment final 1.0\fggsd assignment final 1.0\pacman\pacman\pacman\pacman.cpp(948): warning C4244: 'argument' : conversion from 'int' to 'float', possible loss of data
     1>c:\users\r026405b\downloads\fggsd assignment final 1.0\fggsd assignment final 1.0\pacman\pacman\pacman\pacman.cpp(982): warning C4244: 'argument' : conversion from 'int' to 'float', possible loss of data
     1>c:\users\r026405b\downloads\fggsd assignment final 1.0\fggsd assignment final 1.0\pacman\pacman\pacman\pacman.cpp(983): warning C4244: 'argument' : conversion from 'int' to 'float', possible loss of data
         main.cpp
         Generating Code...
       Link:
         C:\Program Files (x86)\Microsoft Visual Studio 12.0\VC\bin\link.exe /ERRORREPORT:PROMPT /OUT:"C:\Users\r026405b\Downloads\FGGSD Assignment Final 1.0\FGGSD Assignment Final 1.0\PACMAN\PACMAN\Debug\Pacman.exe" /INCREMENTAL /NOLOGO kernel32.lib user32.lib gdi32.lib winspool.lib comdlg32.lib advapi32.lib shell32.lib ole32.lib oleaut32.lib uuid.lib odbc32.lib odbccp32.lib /MANIFEST /MANIFESTUAC:"level='asInvoker' uiAccess='false'" /manifest:embed /DEBUG /PDB:"C:\Users\r026405b\Downloads\FGGSD Assignment Final 1.0\FGGSD Assignment Final 1.0\PACMAN\PACMAN\Debug\Pacman.pdb" /SUBSYSTEM:CONSOLE /TLBID:1 /DYNAMICBASE /NXCOMPAT /IMPLIB:"C:\Users\r026405b\Downloads\FGGSD Assignment Final 1.0\FGGSD Assignment Final 1.0\PACMAN\PACMAN\Debug\Pacman.lib" /MACHINE:X86 Debug\main.obj
         Debug\Pacman.obj
         Pacman.vcxproj -> C:\Users\r026405b\Downloads\FGGSD Assignment Final 1.0\FGGSD Assignment Final 1.0\PACMAN\PACMAN\Debug\Pacman.exe
     1>Done Building Project "C:\Users\r026405b\Downloads\FGGSD Assignment Final 1.0\FGGSD Assignment Final 1.0\PACMAN\PACMAN\Pacman\Pacman.vcxproj" (Build target(s)).

Build succeeded.

Time Elapsed 00:00:02.91
