Build started 12/01/2014 05:43:54.
     1>Project "C:\Users\Joey\Desktop\PACMAN\PacmanFramework\Pacman\Pacman\Pacman.vcxproj" on node 2 (Build target(s)).
     1>ClCompile:
         D:\Program Files (x86)\VC\bin\CL.exe /c /Zi /nologo /W3 /WX- /sdl /O2 /Oi /Oy- /GL /D WIN32 /D NDEBUG /D _CONSOLE /D _UNICODE /D UNICODE /Gm- /EHsc /MD /GS /Gy /fp:precise /Zc:wchar_t /Zc:forScope /Fo"Release\\" /Fd"Release\vc110.pdb" /Gd /TP /analyze- /errorReport:prompt main.cpp Pacman.cpp
         main.cpp
         Pacman.cpp
     1>Pacman.cpp(9): warning C4244: 'argument' : conversion from 'time_t' to 'unsigned int', possible loss of data
     1>Pacman.cpp(119): warning C4244: 'argument' : conversion from 'int' to 'float', possible loss of data
     1>Pacman.cpp(132): warning C4244: 'argument' : conversion from 'int' to 'float', possible loss of data
     1>Pacman.cpp(161): warning C4244: 'argument' : conversion from 'int' to 'float', possible loss of data
     1>Pacman.cpp(162): warning C4244: 'argument' : conversion from 'int' to 'float', possible loss of data
     1>Pacman.cpp(163): warning C4244: 'argument' : conversion from 'int' to 'float', possible loss of data
     1>Pacman.cpp(164): warning C4244: 'argument' : conversion from 'int' to 'float', possible loss of data
     1>Pacman.cpp(176): warning C4244: 'argument' : conversion from 'int' to 'float', possible loss of data
     1>Pacman.cpp(187): warning C4244: 'argument' : conversion from 'int' to 'float', possible loss of data
     1>Pacman.cpp(190): warning C4244: 'argument' : conversion from 'int' to 'float', possible loss of data
     1>Pacman.cpp(202): warning C4244: 'argument' : conversion from 'int' to 'float', possible loss of data
     1>Pacman.cpp(476): warning C4244: '=' : conversion from 'int' to 'float', possible loss of data
     1>Pacman.cpp(477): warning C4244: '=' : conversion from 'int' to 'float', possible loss of data
     1>Pacman.cpp(520): warning C4244: '=' : conversion from 'int' to 'float', possible loss of data
     1>Pacman.cpp(526): warning C4244: '=' : conversion from 'int' to 'float', possible loss of data
     1>Pacman.cpp(532): warning C4244: '=' : conversion from 'int' to 'float', possible loss of data
     1>Pacman.cpp(538): warning C4244: '=' : conversion from 'int' to 'float', possible loss of data
     1>Pacman.cpp(555): warning C4244: '=' : conversion from 'int' to 'float', possible loss of data
     1>Pacman.cpp(556): warning C4244: '=' : conversion from 'int' to 'float', possible loss of data
     1>Pacman.cpp(576): warning C4244: '=' : conversion from 'int' to 'float', possible loss of data
     1>Pacman.cpp(692): warning C4244: '=' : conversion from 'int' to 'float', possible loss of data
     1>Pacman.cpp(693): warning C4244: '=' : conversion from 'int' to 'float', possible loss of data
     1>Pacman.cpp(744): warning C4244: 'argument' : conversion from 'int' to 'float', possible loss of data
     1>Pacman.cpp(769): warning C4244: '=' : conversion from 'int' to 'float', possible loss of data
     1>Pacman.cpp(782): warning C4244: 'argument' : conversion from 'int' to 'float', possible loss of data
     1>Pacman.cpp(884): warning C4244: 'argument' : conversion from 'int' to 'float', possible loss of data
     1>Pacman.cpp(902): warning C4244: 'argument' : conversion from 'int' to 'float', possible loss of data
     1>Pacman.cpp(936): warning C4244: 'argument' : conversion from 'int' to 'float', possible loss of data
     1>Pacman.cpp(937): warning C4244: 'argument' : conversion from 'int' to 'float', possible loss of data
       Link:
         D:\Program Files (x86)\VC\bin\link.exe /ERRORREPORT:PROMPT /OUT:"C:\Users\Joey\Desktop\PACMAN\PacmanFramework\Pacman\Release\Pacman.exe" /INCREMENTAL:NO /NOLOGO kernel32.lib user32.lib gdi32.lib winspool.lib comdlg32.lib advapi32.lib shell32.lib ole32.lib oleaut32.lib uuid.lib odbc32.lib odbccp32.lib /MANIFEST /MANIFESTUAC:"level='asInvoker' uiAccess='false'" /manifest:embed /DEBUG /PDB:"C:\Users\Joey\Desktop\PACMAN\PacmanFramework\Pacman\Release\Pacman.pdb" /SUBSYSTEM:CONSOLE /OPT:REF /OPT:ICF /LTCG /TLBID:1 /DYNAMICBASE /NXCOMPAT /IMPLIB:"C:\Users\Joey\Desktop\PACMAN\PacmanFramework\Pacman\Release\Pacman.lib" /MACHINE:X86 /SAFESEH Release\main.obj
         Release\Pacman.obj
         Generating code
         Finished generating code
         Pacman.vcxproj -> C:\Users\Joey\Desktop\PACMAN\PacmanFramework\Pacman\Release\Pacman.exe
     1>Done Building Project "C:\Users\Joey\Desktop\PACMAN\PacmanFramework\Pacman\Pacman\Pacman.vcxproj" (Build target(s)).

Build succeeded.

Time Elapsed 00:00:02.22
